\BOOKMARK [1][-]{section.1}{\376\377\000M\000o\000t\000o\000r\000c\000y\000c\000l\000e\000\040\000A\000w\000a\000r\000e\000n\000e\000s\000s\000\040\000S\000y\000s\000t\000e\000m\000\040\000O\000v\000e\000r\000v\000i\000e\000w}{}% 1
\BOOKMARK [1][-]{section.2}{\376\377\000T\000o\000d\000o\000\040\000L\000i\000s\000t}{}% 2
\BOOKMARK [1][-]{section.3}{\376\377\000C\000l\000a\000s\000s\000\040\000I\000n\000d\000e\000x}{}% 3
\BOOKMARK [2][-]{subsection.3.1}{\376\377\000C\000l\000a\000s\000s\000\040\000L\000i\000s\000t}{section.3}% 4
\BOOKMARK [1][-]{section.4}{\376\377\000F\000i\000l\000e\000\040\000I\000n\000d\000e\000x}{}% 5
\BOOKMARK [2][-]{subsection.4.1}{\376\377\000F\000i\000l\000e\000\040\000L\000i\000s\000t}{section.4}% 6
\BOOKMARK [1][-]{section.5}{\376\377\000C\000l\000a\000s\000s\000\040\000D\000o\000c\000u\000m\000e\000n\000t\000a\000t\000i\000o\000n}{}% 7
\BOOKMARK [2][-]{subsection.5.1}{\376\377\000B\000l\000u\000e\000T\000o\000o\000t\000h\000M\000e\000s\000s\000a\000g\000e\000\137\000t\000\040\000S\000t\000r\000u\000c\000t\000\040\000R\000e\000f\000e\000r\000e\000n\000c\000e}{section.5}% 8
\BOOKMARK [3][-]{subsubsection.5.1.1}{\376\377\000D\000e\000t\000a\000i\000l\000e\000d\000\040\000D\000e\000s\000c\000r\000i\000p\000t\000i\000o\000n}{subsection.5.1}% 9
\BOOKMARK [3][-]{subsubsection.5.1.2}{\376\377\000M\000e\000m\000b\000e\000r\000\040\000D\000a\000t\000a\000\040\000D\000o\000c\000u\000m\000e\000n\000t\000a\000t\000i\000o\000n}{subsection.5.1}% 10
\BOOKMARK [2][-]{subsection.5.2}{\376\377\000G\000p\000s\000S\000i\000g\000n\000a\000l\000\137\000t\000\040\000S\000t\000r\000u\000c\000t\000\040\000R\000e\000f\000e\000r\000e\000n\000c\000e}{section.5}% 11
\BOOKMARK [3][-]{subsubsection.5.2.1}{\376\377\000D\000e\000t\000a\000i\000l\000e\000d\000\040\000D\000e\000s\000c\000r\000i\000p\000t\000i\000o\000n}{subsection.5.2}% 12
\BOOKMARK [3][-]{subsubsection.5.2.2}{\376\377\000M\000e\000m\000b\000e\000r\000\040\000D\000a\000t\000a\000\040\000D\000o\000c\000u\000m\000e\000n\000t\000a\000t\000i\000o\000n}{subsection.5.2}% 13
\BOOKMARK [2][-]{subsection.5.3}{\376\377\000M\000o\000t\000o\000r\000c\000y\000c\000l\000e\000A\000w\000a\000r\000e\000n\000e\000s\000s\000S\000y\000s\000t\000e\000m\000\040\000C\000l\000a\000s\000s\000\040\000R\000e\000f\000e\000r\000e\000n\000c\000e}{section.5}% 14
\BOOKMARK [3][-]{subsubsection.5.3.1}{\376\377\000D\000e\000t\000a\000i\000l\000e\000d\000\040\000D\000e\000s\000c\000r\000i\000p\000t\000i\000o\000n}{subsection.5.3}% 15
\BOOKMARK [3][-]{subsubsection.5.3.2}{\376\377\000C\000o\000n\000s\000t\000r\000u\000c\000t\000o\000r\000\040\000\046\000\040\000D\000e\000s\000t\000r\000u\000c\000t\000o\000r\000\040\000D\000o\000c\000u\000m\000e\000n\000t\000a\000t\000i\000o\000n}{subsection.5.3}% 16
\BOOKMARK [3][-]{subsubsection.5.3.3}{\376\377\000M\000e\000m\000b\000e\000r\000\040\000F\000u\000n\000c\000t\000i\000o\000n\000\040\000D\000o\000c\000u\000m\000e\000n\000t\000a\000t\000i\000o\000n}{subsection.5.3}% 17
\BOOKMARK [3][-]{subsubsection.5.3.4}{\376\377\000M\000e\000m\000b\000e\000r\000\040\000D\000a\000t\000a\000\040\000D\000o\000c\000u\000m\000e\000n\000t\000a\000t\000i\000o\000n}{subsection.5.3}% 18
\BOOKMARK [2][-]{subsection.5.4}{\376\377\000M\000o\000t\000o\000r\000C\000y\000c\000l\000e\000L\000o\000c\000a\000t\000i\000o\000n\000\137\000t\000\040\000S\000t\000r\000u\000c\000t\000\040\000R\000e\000f\000e\000r\000e\000n\000c\000e}{section.5}% 19
\BOOKMARK [3][-]{subsubsection.5.4.1}{\376\377\000D\000e\000t\000a\000i\000l\000e\000d\000\040\000D\000e\000s\000c\000r\000i\000p\000t\000i\000o\000n}{subsection.5.4}% 20
\BOOKMARK [3][-]{subsubsection.5.4.2}{\376\377\000M\000e\000m\000b\000e\000r\000\040\000D\000a\000t\000a\000\040\000D\000o\000c\000u\000m\000e\000n\000t\000a\000t\000i\000o\000n}{subsection.5.4}% 21
\BOOKMARK [2][-]{subsection.5.5}{\376\377\000R\000a\000d\000a\000r\000S\000i\000g\000n\000a\000l\000\137\000t\000\040\000S\000t\000r\000u\000c\000t\000\040\000R\000e\000f\000e\000r\000e\000n\000c\000e}{section.5}% 22
\BOOKMARK [3][-]{subsubsection.5.5.1}{\376\377\000D\000e\000t\000a\000i\000l\000e\000d\000\040\000D\000e\000s\000c\000r\000i\000p\000t\000i\000o\000n}{subsection.5.5}% 23
\BOOKMARK [3][-]{subsubsection.5.5.2}{\376\377\000M\000e\000m\000b\000e\000r\000\040\000D\000a\000t\000a\000\040\000D\000o\000c\000u\000m\000e\000n\000t\000a\000t\000i\000o\000n}{subsection.5.5}% 24
\BOOKMARK [2][-]{subsection.5.6}{\376\377\000T\000u\000r\000n\000S\000i\000g\000n\000a\000l\000\137\000t\000\040\000S\000t\000r\000u\000c\000t\000\040\000R\000e\000f\000e\000r\000e\000n\000c\000e}{section.5}% 25
\BOOKMARK [3][-]{subsubsection.5.6.1}{\376\377\000D\000e\000t\000a\000i\000l\000e\000d\000\040\000D\000e\000s\000c\000r\000i\000p\000t\000i\000o\000n}{subsection.5.6}% 26
\BOOKMARK [3][-]{subsubsection.5.6.2}{\376\377\000M\000e\000m\000b\000e\000r\000\040\000D\000a\000t\000a\000\040\000D\000o\000c\000u\000m\000e\000n\000t\000a\000t\000i\000o\000n}{subsection.5.6}% 27
\BOOKMARK [1][-]{section.6}{\376\377\000F\000i\000l\000e\000\040\000D\000o\000c\000u\000m\000e\000n\000t\000a\000t\000i\000o\000n}{}% 28
\BOOKMARK [2][-]{subsection.6.1}{\376\377\000m\000a\000i\000n\000.\000c\000p\000p\000\040\000F\000i\000l\000e\000\040\000R\000e\000f\000e\000r\000e\000n\000c\000e}{section.6}% 29
\BOOKMARK [3][-]{subsubsection.6.1.1}{\376\377\000F\000u\000n\000c\000t\000i\000o\000n\000\040\000D\000o\000c\000u\000m\000e\000n\000t\000a\000t\000i\000o\000n}{subsection.6.1}% 30
\BOOKMARK [2][-]{subsection.6.2}{\376\377\000m\000a\000i\000n\000.\000c\000p\000p}{section.6}% 31
\BOOKMARK [2][-]{subsection.6.3}{\376\377\000m\000a\000i\000n\000p\000a\000g\000e\000.\000d\000o\000x\000\040\000F\000i\000l\000e\000\040\000R\000e\000f\000e\000r\000e\000n\000c\000e}{section.6}% 32
\BOOKMARK [2][-]{subsection.6.4}{\376\377\000M\000o\000t\000o\000r\000c\000y\000c\000l\000e\000A\000w\000a\000r\000e\000n\000e\000s\000s\000S\000y\000s\000t\000e\000m\000.\000c\000p\000p\000\040\000F\000i\000l\000e\000\040\000R\000e\000f\000e\000r\000e\000n\000c\000e}{section.6}% 33
\BOOKMARK [2][-]{subsection.6.5}{\376\377\000M\000o\000t\000o\000r\000c\000y\000c\000l\000e\000A\000w\000a\000r\000e\000n\000e\000s\000s\000S\000y\000s\000t\000e\000m\000.\000c\000p\000p}{section.6}% 34
\BOOKMARK [2][-]{subsection.6.6}{\376\377\000M\000o\000t\000o\000r\000c\000y\000c\000l\000e\000A\000w\000a\000r\000e\000n\000e\000s\000s\000S\000y\000s\000t\000e\000m\000.\000h\000p\000p\000\040\000F\000i\000l\000e\000\040\000R\000e\000f\000e\000r\000e\000n\000c\000e}{section.6}% 35
\BOOKMARK [2][-]{subsection.6.7}{\376\377\000M\000o\000t\000o\000r\000c\000y\000c\000l\000e\000A\000w\000a\000r\000e\000n\000e\000s\000s\000S\000y\000s\000t\000e\000m\000.\000h\000p\000p}{section.6}% 36
\BOOKMARK [2][-]{subsection.6.8}{\376\377\000M\000o\000t\000o\000r\000c\000y\000c\000l\000e\000A\000w\000a\000r\000e\000n\000e\000s\000s\000S\000y\000s\000t\000e\000m\000T\000y\000p\000e\000s\000.\000h\000p\000p\000\040\000F\000i\000l\000e\000\040\000R\000e\000f\000e\000r\000e\000n\000c\000e}{section.6}% 37
\BOOKMARK [3][-]{subsubsection.6.8.1}{\376\377\000T\000y\000p\000e\000d\000e\000f\000\040\000D\000o\000c\000u\000m\000e\000n\000t\000a\000t\000i\000o\000n}{subsection.6.8}% 38
\BOOKMARK [3][-]{subsubsection.6.8.2}{\376\377\000E\000n\000u\000m\000e\000r\000a\000t\000i\000o\000n\000\040\000T\000y\000p\000e\000\040\000D\000o\000c\000u\000m\000e\000n\000t\000a\000t\000i\000o\000n}{subsection.6.8}% 39
\BOOKMARK [2][-]{subsection.6.9}{\376\377\000M\000o\000t\000o\000r\000c\000y\000c\000l\000e\000A\000w\000a\000r\000e\000n\000e\000s\000s\000S\000y\000s\000t\000e\000m\000T\000y\000p\000e\000s\000.\000h\000p\000p}{section.6}% 40
\BOOKMARK [1][-]{section*.16}{\376\377\000I\000n\000d\000e\000x}{}% 41
